<?xml version="1.0" encoding="UTF-8" ?>
<testsuite tests="3" failures="0" name="eu.impact_project.iif.ws.generic.SoapInputTest" time="0.016" errors="0" skipped="0">
  <properties>
[...]
</properties>
  <testcase classname="eu.impact_project.iif.ws.generic.SoapInputTest" name="testGetDocumentation" time="0.016"/>
  <testcase classname="eu.impact_project.iif.ws.generic.SoapInputTest" name="testGetDefaultValue" time="0"/>
  <testcase classname="eu.impact_project.iif.ws.generic.SoapInputTest" name="testValues" time="0"/>
</testsuite>